2026-07-07 15:33:43 [INFO] ============================================================
2026-07-07 15:33:43 [INFO]   Event Scheduler started
2026-07-07 15:33:43 [INFO]   Trigger: 60s before each event
2026-07-07 15:33:43 [INFO]   Refresh interval: 60 minutes
2026-07-07 15:33:43 [INFO] ============================================================
2026-07-07 15:33:43 [INFO] Refreshing event list...
2026-07-07 15:33:44 [INFO] Event list refreshed — 0 new event(s) added. Total tracked: 0
2026-07-07 15:35:00 [INFO] Scheduler stopping — waiting for active fetches to finish...
2026-07-07 15:35:00 [INFO] Scheduler stopped.
2026-07-07 15:35:02 [INFO] ============================================================
2026-07-07 15:35:02 [INFO]   Event Scheduler started
2026-07-07 15:35:02 [INFO]   Trigger: 60s before each event
2026-07-07 15:35:02 [INFO]   Refresh interval: 60 minutes
2026-07-07 15:35:02 [INFO] ============================================================
2026-07-07 15:35:02 [INFO] Refreshing event list...
2026-07-07 15:35:03 [INFO] Event list refreshed — 0 new event(s) added. Total tracked: 0
2026-07-07 16:35:03 [INFO] Refreshing event list...
2026-07-07 16:35:04 [INFO] Event list refreshed — 0 new event(s) added. Total tracked: 0
2026-07-07 17:35:07 [INFO] Refreshing event list...
2026-07-07 17:35:08 [INFO] Event list refreshed — 0 new event(s) added. Total tracked: 0
2026-07-07 17:40:51 [INFO] Scheduler stopping — waiting for active fetches to finish...
2026-07-07 17:40:51 [INFO] Scheduler stopped.
2026-07-07 17:40:54 [INFO] ============================================================
2026-07-07 17:40:54 [INFO]   Event Scheduler started
2026-07-07 17:40:54 [INFO]   Trigger: 60s before each event
2026-07-07 17:40:54 [INFO]   Refresh interval: 60 minutes
2026-07-07 17:40:54 [INFO] ============================================================
2026-07-07 17:40:54 [INFO] Refreshing event list...
2026-07-07 17:40:57 [INFO] Event list refreshed — 34 new event(s) added. Total tracked: 34
2026-07-07 17:40:57 [INFO] Fetching odds for: Egypt vs. Argentina
2026-07-07 17:40:57 [INFO] Fetching odds for: Colombia vs. Switzerland
2026-07-07 17:40:58 [INFO] Fetching odds for: Jan-Lennard Struff vs. Jannik Sinner
2026-07-07 17:40:58 [INFO] Fetching odds for: Coco Gauff vs. Jessica Pegula
2026-07-07 17:40:59 [INFO] Fetching odds for: Karolina Muchova vs. Naomi Osaka
2026-07-07 17:40:59 [INFO] Fetching odds for: Novak Djokovic vs. Felix Auger-Aliassime
2026-07-07 17:40:59 [INFO] Telegram notification sent for event: Egypt vs. Argentina
2026-07-07 17:40:59 [INFO] Updated CSV row for: Egypt vs. Argentina
2026-07-07 17:41:00 [INFO] Fetching odds for: Dallas Wings vs. New York Liberty
2026-07-07 17:41:00 [INFO] Fetching odds for: Chicago Sky vs. Phoenix Mercury
2026-07-07 17:41:00 [INFO] Telegram notification sent for event: Jan-Lennard Struff vs. Jannik Sinner
2026-07-07 17:41:00 [INFO] Updated CSV row for: Jan-Lennard Struff vs. Jannik Sinner
2026-07-07 17:41:00 [INFO] Telegram notification sent for event: Colombia vs. Switzerland
2026-07-07 17:41:00 [INFO] Updated CSV row for: Colombia vs. Switzerland
2026-07-07 17:41:00 [INFO] Telegram notification sent for event: Coco Gauff vs. Jessica Pegula
2026-07-07 17:41:00 [INFO] Updated CSV row for: Coco Gauff vs. Jessica Pegula
2026-07-07 17:41:01 [INFO] Fetching odds for: Milwaukee Brewers vs. St. Louis Cardinals
2026-07-07 17:41:01 [INFO] Telegram notification sent for event: Karolina Muchova vs. Naomi Osaka
2026-07-07 17:41:01 [INFO] Updated CSV row for: Karolina Muchova vs. Naomi Osaka
2026-07-07 17:41:01 [INFO] Fetching odds for: Chicago Cubs vs. Baltimore Orioles
2026-07-07 17:41:01 [INFO] Telegram notification sent for event: Novak Djokovic vs. Felix Auger-Aliassime
2026-07-07 17:41:01 [INFO] Updated CSV row for: Novak Djokovic vs. Felix Auger-Aliassime
2026-07-07 17:41:02 [INFO] Fetching odds for: New York Yankees vs. Tampa Bay Rays
2026-07-07 17:41:02 [INFO] Fetching odds for: Atlanta Braves vs. Pittsburgh Pirates
2026-07-07 17:41:02 [INFO] Telegram notification sent for event: Dallas Wings vs. New York Liberty
2026-07-07 17:41:02 [INFO] Updated CSV row for: Dallas Wings vs. New York Liberty
2026-07-07 17:41:03 [INFO] Fetching odds for: Seattle Mariners vs. Miami Marlins
2026-07-07 17:41:03 [INFO] Telegram notification sent for event: Chicago Sky vs. Phoenix Mercury
2026-07-07 17:41:03 [INFO] Updated CSV row for: Chicago Sky vs. Phoenix Mercury
2026-07-07 17:41:03 [INFO] Fetching odds for: Athletics vs. Detroit Tigers
2026-07-07 17:41:03 [INFO] Telegram notification sent for event: Milwaukee Brewers vs. St. Louis Cardinals
2026-07-07 17:41:03 [INFO] Updated CSV row for: Milwaukee Brewers vs. St. Louis Cardinals
2026-07-07 17:41:04 [INFO] Fetching odds for: Houston Astros vs. Washington Nationals
2026-07-07 17:41:04 [INFO] Telegram notification sent for event: Chicago Cubs vs. Baltimore Orioles
2026-07-07 17:41:04 [INFO] Updated CSV row for: Chicago Cubs vs. Baltimore Orioles
2026-07-07 17:41:04 [INFO] Fetching odds for: Kansas City Royals vs. New York Mets
2026-07-07 17:41:04 [INFO] Telegram notification sent for event: New York Yankees vs. Tampa Bay Rays
2026-07-07 17:41:04 [INFO] Updated CSV row for: New York Yankees vs. Tampa Bay Rays
2026-07-07 17:41:05 [INFO] Fetching odds for: Philadelphia Phillies vs. Cincinnati Reds
2026-07-07 17:41:05 [INFO] Telegram notification sent for event: Atlanta Braves vs. Pittsburgh Pirates
2026-07-07 17:41:05 [INFO] Updated CSV row for: Atlanta Braves vs. Pittsburgh Pirates
2026-07-07 17:41:05 [INFO] Fetching odds for: Boston Red Sox vs. Chicago White Sox
2026-07-07 17:41:06 [INFO] Fetching odds for: Cleveland Guardians vs. Minnesota Twins
2026-07-07 17:41:06 [INFO] Telegram notification sent for event: Seattle Mariners vs. Miami Marlins
2026-07-07 17:41:06 [INFO] Updated CSV row for: Seattle Mariners vs. Miami Marlins
2026-07-07 17:41:06 [INFO] Telegram notification sent for event: Athletics vs. Detroit Tigers
2026-07-07 17:41:06 [INFO] Updated CSV row for: Athletics vs. Detroit Tigers
2026-07-07 17:41:06 [INFO] Fetching odds for: Milwaukee Brewers vs. St. Louis Cardinals
2026-07-07 17:41:06 [INFO] Telegram notification sent for event: Houston Astros vs. Washington Nationals
2026-07-07 17:41:06 [INFO] Updated CSV row for: Houston Astros vs. Washington Nationals
2026-07-07 17:41:07 [INFO] Fetching odds for: Los Angeles Angels vs. Texas Rangers
2026-07-07 17:41:07 [INFO] Fetching odds for: Arizona Diamondbacks vs. San Diego Padres
2026-07-07 17:41:07 [INFO] Telegram notification sent for event: Philadelphia Phillies vs. Cincinnati Reds
2026-07-07 17:41:07 [INFO] Updated CSV row for: Philadelphia Phillies vs. Cincinnati Reds
2026-07-07 17:41:07 [WARNING] Attempt 1 failed for Milwaukee Brewers vs. St. Louis Cardinals: 'NoneType' object has no attribute 'get'. Retrying in 5s...
2026-07-07 17:41:08 [INFO] Fetching odds for: Toronto Blue Jays vs. San Francisco Giants
2026-07-07 17:41:08 [INFO] Telegram notification sent for event: Boston Red Sox vs. Chicago White Sox
2026-07-07 17:41:08 [INFO] Updated CSV row for: Boston Red Sox vs. Chicago White Sox
2026-07-07 17:41:08 [INFO] Fetching odds for: Colorado Rockies vs. Los Angeles Dodgers
2026-07-07 17:41:08 [INFO] Telegram notification sent for event: Cleveland Guardians vs. Minnesota Twins
2026-07-07 17:41:08 [INFO] Updated CSV row for: Cleveland Guardians vs. Minnesota Twins
2026-07-07 17:41:09 [INFO] Fetching odds for: The New Saints FC vs. Sabah Masazir
2026-07-07 17:41:09 [INFO] Fetching odds for: KF Drita vs. FK Kauno Zalgiris
2026-07-07 17:41:10 [INFO] Fetching odds for: Riga FC vs. FC Ararat-Armenia
2026-07-07 17:41:10 [INFO] Telegram notification sent for event: Kansas City Royals vs. New York Mets
2026-07-07 17:41:10 [INFO] Updated CSV row for: Kansas City Royals vs. New York Mets
2026-07-07 17:41:10 [INFO] Telegram notification sent for event: Los Angeles Angels vs. Texas Rangers
2026-07-07 17:41:10 [INFO] Updated CSV row for: Los Angeles Angels vs. Texas Rangers
2026-07-07 17:41:10 [INFO] Telegram notification sent for event: Arizona Diamondbacks vs. San Diego Padres
2026-07-07 17:41:10 [INFO] Updated CSV row for: Arizona Diamondbacks vs. San Diego Padres
2026-07-07 17:41:10 [INFO] Fetching odds for: Inter Club de Escaldes vs. Lincoln Red Imps
2026-07-07 17:41:10 [WARNING] Attempt 1 failed for The New Saints FC vs. Sabah Masazir: 'NoneType' object has no attribute 'get'. Retrying in 5s...
2026-07-07 17:41:10 [INFO] Telegram notification sent for event: Toronto Blue Jays vs. San Francisco Giants
2026-07-07 17:41:10 [INFO] Updated CSV row for: Toronto Blue Jays vs. San Francisco Giants
2026-07-07 17:41:11 [INFO] Fetching odds for: Kuopion Palloseura vs. FK Vardar Skopje
2026-07-07 17:41:11 [INFO] Telegram notification sent for event: KF Drita vs. FK Kauno Zalgiris
2026-07-07 17:41:11 [INFO] Inserted CSV row for: KF Drita vs. FK Kauno Zalgiris
2026-07-07 17:41:11 [INFO] Telegram notification sent for event: Colorado Rockies vs. Los Angeles Dodgers
2026-07-07 17:41:11 [INFO] Updated CSV row for: Colorado Rockies vs. Los Angeles Dodgers
2026-07-07 17:41:11 [INFO] Fetching odds for: Shamrock Rovers vs. Floriana FC
2026-07-07 17:41:11 [INFO] Telegram notification sent for event: Riga FC vs. FC Ararat-Armenia
2026-07-07 17:41:11 [INFO] Inserted CSV row for: Riga FC vs. FC Ararat-Armenia
2026-07-07 17:41:12 [INFO] Fetching odds for: PFC Levski Sofia vs. FK Borac Banja Luka
2026-07-07 17:41:12 [INFO] Fetching odds for: Larne FC vs. SP Tre Fiori
2026-07-07 17:41:12 [INFO] Telegram notification sent for event: Inter Club de Escaldes vs. Lincoln Red Imps
2026-07-07 17:41:12 [INFO] Inserted CSV row for: Inter Club de Escaldes vs. Lincoln Red Imps
2026-07-07 17:41:12 [INFO] Telegram notification sent for event: Kuopion Palloseura vs. FK Vardar Skopje
2026-07-07 17:41:12 [INFO] Inserted CSV row for: Kuopion Palloseura vs. FK Vardar Skopje
2026-07-07 17:41:13 [INFO] Fetching odds for: Atert Bissen vs. KI Klaksvik
2026-07-07 17:41:13 [INFO] Telegram notification sent for event: Shamrock Rovers vs. Floriana FC
2026-07-07 17:41:13 [INFO] Inserted CSV row for: Shamrock Rovers vs. Floriana FC
2026-07-07 17:41:13 [INFO] Fetching odds for: WKW ETO FC Gyor vs. Vikingur Reykjavik
2026-07-07 17:41:13 [INFO] Telegram notification sent for event: PFC Levski Sofia vs. FK Borac Banja Luka
2026-07-07 17:41:13 [INFO] Inserted CSV row for: PFC Levski Sofia vs. FK Borac Banja Luka
2026-07-07 17:41:14 [INFO] Telegram notification sent for event: Larne FC vs. SP Tre Fiori
2026-07-07 17:41:14 [INFO] Inserted CSV row for: Larne FC vs. SP Tre Fiori
2026-07-07 17:41:14 [INFO] Telegram notification sent for event: Milwaukee Brewers vs. St. Louis Cardinals
2026-07-07 17:41:14 [INFO] Inserted CSV row for: Milwaukee Brewers vs. St. Louis Cardinals
2026-07-07 17:41:14 [INFO] Telegram notification sent for event: Atert Bissen vs. KI Klaksvik
2026-07-07 17:41:14 [INFO] Inserted CSV row for: Atert Bissen vs. KI Klaksvik
2026-07-07 17:41:15 [INFO] Telegram notification sent for event: WKW ETO FC Gyor vs. Vikingur Reykjavik
2026-07-07 17:41:15 [INFO] Inserted CSV row for: WKW ETO FC Gyor vs. Vikingur Reykjavik
2026-07-07 17:41:17 [INFO] Telegram notification sent for event: The New Saints FC vs. Sabah Masazir
2026-07-07 17:41:17 [INFO] Updated CSV row for: The New Saints FC vs. Sabah Masazir
2026-07-07 17:42:22 [INFO] Scheduler stopping — waiting for active fetches to finish...
2026-07-07 17:42:22 [INFO] Scheduler stopped.
2026-07-07 17:42:24 [INFO] ============================================================
2026-07-07 17:42:24 [INFO]   Event Scheduler started
2026-07-07 17:42:24 [INFO]   Trigger: 60s before each event
2026-07-07 17:42:24 [INFO]   Refresh interval: 60 minutes
2026-07-07 17:42:24 [INFO] ============================================================
2026-07-07 17:42:24 [INFO] Refreshing event list...
2026-07-07 17:42:25 [INFO] Event list refreshed — 0 new event(s) added. Total tracked: 0
2026-07-07 17:44:27 [INFO] ============================================================
2026-07-07 17:44:27 [INFO]   Event Scheduler started
2026-07-07 17:44:27 [INFO]   Trigger: 60s before each event
2026-07-07 17:44:27 [INFO]   Refresh interval: 60 minutes
2026-07-07 17:44:27 [INFO] ============================================================
2026-07-07 17:44:27 [INFO] Refreshing event list...
2026-07-07 17:44:27 [INFO] Event list refreshed — 0 new event(s) added. Total tracked: 0
2026-07-07 18:21:22 [INFO] Scheduler stopping — waiting for active fetches to finish...
2026-07-07 18:21:22 [INFO] Scheduler stopped.
2026-07-07 18:21:25 [INFO] ============================================================
2026-07-07 18:21:25 [INFO]   Event Scheduler started
2026-07-07 18:21:25 [INFO]   Trigger: 60s before each event
2026-07-07 18:21:25 [INFO]   Refresh interval: 60 minutes
2026-07-07 18:21:25 [INFO] ============================================================
2026-07-07 18:21:25 [INFO] Refreshing event list...
2026-07-07 18:21:25 [INFO] Event list refreshed — 0 new event(s) added. Total tracked: 0
2026-07-07 18:22:15 [INFO] Scheduler stopping — waiting for active fetches to finish...
2026-07-07 18:22:15 [INFO] Scheduler stopped.
2026-07-07 18:22:17 [INFO] ============================================================
2026-07-07 18:22:17 [INFO]   Event Scheduler started
2026-07-07 18:22:17 [INFO]   Trigger: 60s before each event
2026-07-07 18:22:17 [INFO]   Refresh interval: 60 minutes
2026-07-07 18:22:17 [INFO] ============================================================
2026-07-07 18:22:17 [INFO] Refreshing event list...
2026-07-07 18:22:19 [INFO] Event list refreshed — 34 new event(s) added. Total tracked: 34
2026-07-07 18:22:19 [INFO] Inserted CSV row for: Egypt vs. Argentina
2026-07-07 18:22:19 [INFO] Inserted CSV row for: Colombia vs. Switzerland
2026-07-07 18:22:19 [INFO] Inserted CSV row for: Jan-Lennard Struff vs. Jannik Sinner
2026-07-07 18:22:19 [INFO] Inserted CSV row for: Coco Gauff vs. Jessica Pegula
2026-07-07 18:22:19 [INFO] Inserted CSV row for: Karolina Muchova vs. Naomi Osaka
2026-07-07 18:22:19 [INFO] Inserted CSV row for: Novak Djokovic vs. Felix Auger-Aliassime
2026-07-07 18:22:19 [INFO] Inserted CSV row for: Dallas Wings vs. New York Liberty
2026-07-07 18:22:19 [INFO] Inserted CSV row for: Chicago Sky vs. Phoenix Mercury
2026-07-07 18:22:19 [INFO] Inserted CSV row for: Milwaukee Brewers vs. St. Louis Cardinals
2026-07-07 18:22:19 [INFO] Inserted CSV row for: Chicago Cubs vs. Baltimore Orioles
2026-07-07 18:22:19 [INFO] Inserted CSV row for: New York Yankees vs. Tampa Bay Rays
2026-07-07 18:22:19 [INFO] Inserted CSV row for: Atlanta Braves vs. Pittsburgh Pirates
2026-07-07 18:22:19 [INFO] Inserted CSV row for: Seattle Mariners vs. Miami Marlins
2026-07-07 18:22:19 [INFO] Inserted CSV row for: Athletics vs. Detroit Tigers
2026-07-07 18:22:19 [INFO] Inserted CSV row for: Houston Astros vs. Washington Nationals
2026-07-07 18:22:19 [INFO] Inserted CSV row for: Kansas City Royals vs. New York Mets
2026-07-07 18:22:19 [INFO] Inserted CSV row for: Philadelphia Phillies vs. Cincinnati Reds
2026-07-07 18:22:19 [INFO] Inserted CSV row for: Boston Red Sox vs. Chicago White Sox
2026-07-07 18:22:19 [INFO] Inserted CSV row for: Cleveland Guardians vs. Minnesota Twins
2026-07-07 18:22:19 [INFO] Inserted CSV row for: Milwaukee Brewers vs. St. Louis Cardinals
2026-07-07 18:22:19 [INFO] Inserted CSV row for: Los Angeles Angels vs. Texas Rangers
2026-07-07 18:22:19 [INFO] Inserted CSV row for: Arizona Diamondbacks vs. San Diego Padres
2026-07-07 18:22:19 [INFO] Inserted CSV row for: Toronto Blue Jays vs. San Francisco Giants
2026-07-07 18:22:19 [INFO] Inserted CSV row for: Colorado Rockies vs. Los Angeles Dodgers
2026-07-07 18:22:19 [INFO] Inserted CSV row for: The New Saints FC vs. Sabah Masazir
2026-07-07 18:22:19 [INFO] Inserted CSV row for: KF Drita vs. FK Kauno Zalgiris
2026-07-07 18:22:19 [INFO] Inserted CSV row for: Riga FC vs. FC Ararat-Armenia
2026-07-07 18:22:19 [INFO] Inserted CSV row for: Inter Club de Escaldes vs. Lincoln Red Imps
2026-07-07 18:22:19 [INFO] Inserted CSV row for: Kuopion Palloseura vs. FK Vardar Skopje
2026-07-07 18:22:19 [INFO] Inserted CSV row for: Shamrock Rovers vs. Floriana FC
2026-07-07 18:22:19 [INFO] Inserted CSV row for: PFC Levski Sofia vs. FK Borac Banja Luka
2026-07-07 18:22:19 [INFO] Inserted CSV row for: Larne FC vs. SP Tre Fiori
2026-07-07 18:22:19 [INFO] Inserted CSV row for: Atert Bissen vs. KI Klaksvik
2026-07-07 18:22:19 [INFO] Inserted CSV row for: WKW ETO FC Gyor vs. Vikingur Reykjavik
2026-07-07 18:22:19 [WARNING] Missed window for: Jan-Lennard Struff vs. Jannik Sinner (started: Jul 07, 2026 06:00 PM)
